"File: main.c        Assembler  Version HGASM0202      Page 1


   1  0000              ; Generated by holtek-gcc v3.19, Tue Feb 27 12:06:37 2024
   2  0000              ; 
   3  0000              ; Configuration:
   4  0000              ;       with long instruction
   5  0000              ;       Single ROM, Multi-RAM
   6  0000              ;       bits_per_rom_unit:16
   7  0000              ;       with mp1
   8  0000              ;       with tbhp, address(0x9)
   9  0000              ;          Use tabrd-const
  10  0000              ;       
  11  0000              ; SFR address of long-instruction arch:
  12  0000              ;    mp0 = -1,1,0
  13  0000              ;    mp1 = 4,3,2
  14  0000              ;    mp2 = 14,13,12
  15  0000              ;    tbp = 9,7,8
  16  0000              ;    acc = 5
  17  0000              ;    pcl = 6
  18  0000              ;    status = 10
  19  0000              ;    bp = 11
  20  0000              ;    intc = 16
  21  0000              ;       
  22  0000              ;       
  23  0000              ; use 'tabrdc' instead of 'tabrd'
  24  0000              ;       
  25  0000              
  26  0000              #pragma translator "holtek-gcc 4.6.4" "3.19" "build 20130711"
  27  0000              ; Rebuild 718
  28  0000              
  29  0000              ir equ [2]
  30  0000              mp equ [3]
  31  0000              sbp equ [4]
  32  0000              acc equ [5]
  33  0000              bp equ [11]
  34  0000              tblp equ [7]
  35  0000              tbhp equ [9]
  36  0000              status equ [10]
  37  0000              c equ [10].0
  38  0000              ac equ [10].1
  39  0000              z equ [10].2
  40  0000              ov equ [10].3
  41  0000              cz equ [10].6
  42  0000              sc equ [10].7
  43  0000              intc equ [16]
  44  0000              
  45  0000              extern ra:byte
  46  0000              extern rb:byte
  47  0000              extern rc:byte
  48  0000              extern rd:byte
  49  0000              extern re:byte
  50  0000              extern rf:byte
  51  0000              extern rg:byte
  52  0000              extern rh:byte
  53  0000              extern _Crom2Prom:near
  54  0000              extern _Crom2PromNext:near
  55  0000              
  56  0000              RAMBANK 0 @BITDATASEC, @BITDATASEC1
  57  0000              @HCCINIT	.section 'data'
  58  0000              @HCCINIT0	.section 'data'
  59  0000              @BITDATASEC	 .section 'data'
"File: main.ASM      Assembler  Version HGASM0202      Page 2

  60  0000              @BITDATASEC1	 .section 'data'
  61  0000              
  62  0000              #pragma debug scope 1 1
  63  0000              	extern __DELAY3:near
  64  0000              	extern __DELAYX3:near
  65  0000              	extern __DELAYX6:near
  66  0000              	extern __DELAYY5:near
  67  0000              	extern __DELAYY3:near
  68  0000              	extern _builtin_holtek_delay_2:byte
  69  0000              public _loadRemoteDate
  70  0000              #pragma debug scope 2 1

  22  0000              #line 22 "d:\project\remote\main.c"
  22  0000              _loadRemoteDate .section 'code'
  22  0000              _loadRemoteDate proc
  22  0000  0009[           local _loadRemoteDate_2 db 9 dup(?)	; 0,9
            00
            ]
  22  0000  0080     E  	mov rb,a
  22  0001  0080     R  	mov _loadRemoteDate_2[0],a
  22  0002              #pragma debug variable 8 2 _loadRemoteDate_2+0 "remote"
  25  0002              #line 25 "d:\project\remote\main.c"
  25  0002  1F00     E  	clr rc
  25  0003  340A        	clr c
  25  0004  1A00     E  	rlca rb
  25  0005  0080     E  	mov rd,a
  25  0006  1A00     E  	rlca rc
  25  0007  0080     E  	mov re,a
  25  0008  340A        	clr c
  25  0009  1A80     E  	rlc rd
  25  000A  1A80     E  	rlc re
  25  000B  0700     E  	mov a,rd
  25  000C  0380     E  	addm a,rb
  25  000D  0700     E  	mov a,re
  25  000E  1380     E  	adcm a,rc
  25  000F  0F00     R  	mov a,low offset _remoteTiming
  25  0010  0300     E  	add a,rb
  25  0011  0083        	mov mp,a
  25  0012  0F00     R  	mov a,high offset _remoteTiming
  25  0013  1300     E  	adc a,rc
  25  0014  0084        	mov sbp,a
  25  0015  2000     E  	call _Crom2Prom
  25  0016  0080     E  	mov rf,a
  25  0017  0700     E  	mov a,rf
  25  0018  0080     R  	mov _loadRemoteDate_2[1],a
  25  0019  1F00     R  	clr _loadRemoteDate_2[2]
  25  001A  0F00        	mov a,0
  25  001B  0200     R  	sub a,_loadRemoteDate_2[1]
  25  001C  0080     E  	mov rf,a
  25  001D  0F04        	mov a,4
  25  001E  1200     R  	sbc a,_loadRemoteDate_2[2]
  25  001F  0080     E  	mov rg,a
  25  0020  0700     E  	mov a,rf
  25  0021  0080     E  	mov _txCode[0],a
  25  0022  0700     E  	mov a,rg
  25  0023  0080     E  	mov _txCode[1],a
  26  0024              #line 26 "d:\project\remote\main.c"
  26  0024  0F00     R  	mov a,low (offset _remoteTiming+1)
  26  0025  0300     E  	add a,rb
  26  0026  0083        	mov mp,a
"File: main.c        Assembler  Version HGASM0202      Page 3

  26  0027  0F00     R  	mov a,high (offset _remoteTiming+1)
  26  0028  1300     E  	adc a,rc
  26  0029  0084        	mov sbp,a
  26  002A  2000     E  	call _Crom2Prom
  26  002B  0080     E  	mov rf,a
  26  002C  0700     E  	mov a,rf
  26  002D  0080     R  	mov _loadRemoteDate_2[1],a
  26  002E  1F00     R  	clr _loadRemoteDate_2[2]
  26  002F  0F00        	mov a,0
  26  0030  0200     R  	sub a,_loadRemoteDate_2[1]
  26  0031  0080     E  	mov rf,a
  26  0032  0F04        	mov a,4
  26  0033  1200     R  	sbc a,_loadRemoteDate_2[2]
  26  0034  0080     E  	mov rg,a
  26  0035  0700     E  	mov a,rf
  26  0036  0080     E  	mov _txCode[2],a
  26  0037  0700     E  	mov a,rg
  26  0038  0080     E  	mov _txCode[3],a
  30  0039              #line 30 "d:\project\remote\main.c"
  30  0039  0F00     R  	mov a,low offset _remoteData
  30  003A  0300     E  	add a,rd
  30  003B  0083        	mov mp,a
  30  003C  0F00     R  	mov a,high offset _remoteData
  30  003D  1300     E  	adc a,re
  30  003E  0084        	mov sbp,a
  30  003F  2000     E  	call _Crom2Prom
  30  0040  0080     R  	mov _loadRemoteDate_2[5],a
  30  0041  2000     E  	call _Crom2PromNext
  30  0042  0080     R  	mov _loadRemoteDate_2[6],a
  30  0043  2000     E  	call _Crom2PromNext
  30  0044  0080     R  	mov _loadRemoteDate_2[7],a
  30  0045  2000     E  	call _Crom2PromNext
  30  0046  0080     R  	mov _loadRemoteDate_2[8],a
  30  0047  0F19        	mov a,25
  30  0048  0080     E  	mov rh,a
  28  0049              #line 28 "d:\project\remote\main.c"
  28  0049  1F00     E  	clr ra
  35  004A              #line 35 "d:\project\remote\main.c"
  35  004A  0700     E  	mov a,rb
  35  004B  0080     R  	mov _loadRemoteDate_2[1],a
  35  004C  0700     E  	mov a,rc
  35  004D  0080     R  	mov _loadRemoteDate_2[2],a
  35  004E  0F00     R  	mov a,low (offset _remoteTiming+2)
  35  004F  0300     E  	add a,rb
  35  0050  0080     R  	mov _loadRemoteDate_2[3],a
  35  0051  0F00     R  	mov a,high (offset _remoteTiming+2)
  35  0052  1300     E  	adc a,rc
  35  0053  0080     R  	mov _loadRemoteDate_2[4],a
  35  0054              _L5:
  30  0054              #line 30 "d:\project\remote\main.c"
  30  0054  0700     E  	mov a,ra
  30  0055  0080     E  	mov rb,a
  30  0056  1F00     E  	clr rc
  30  0057  1F00     E  	clr rd
  30  0058  1F00     E  	clr re
  30  0059  0F08        	mov a,8
  30  005A  0080     E  	mov rf,a
  30  005B  1F00     E  	clr rg
  30  005C  1400     E  	inca ra
  30  005D  2800     R  	jmp _LI1
"File: main.c        Assembler  Version HGASM0202      Page 4

  30  005E              _LI2:
  30  005E  340A        	clr c
  30  005F  3C00     E  	sz rg.7
  30  0060  300A        	set c
  30  0061  1B80     E  	rrc rg
  30  0062  1B80     E  	rrc rf
  30  0063  1B80     E  	rrc re
  30  0064  1B80     E  	rrc rd
  30  0065              _LI1:
  30  0065  1785        	sdz acc
  30  0066  2800     R  	jmp _LI2
  30  0067  0700     R  	mov a,_loadRemoteDate_2[5]  
  30  0068  0680     E  	andm a,rd  
  30  0069  0700     R  	mov a,_loadRemoteDate_2[6]  
  30  006A  0680     E  	andm a,re  
  30  006B  0700     R  	mov a,_loadRemoteDate_2[7]  
  30  006C  0680     E  	andm a,rf  
  30  006D  0700     R  	mov a,_loadRemoteDate_2[8]  
  30  006E  0680     E  	andm a,rg
  30  006F  0700     E  	mov a,rd
  30  0070  0500     E  	or a,re
  30  0071  0500     E  	or a,rf
  30  0072  0500     E  	or a,rg
  30  0073  3D0A        	sz z
  30  0074  2800     R  	jmp _L2
  31  0075              #line 31 "d:\project\remote\main.c"
  31  0075  0F00     R  	mov a,low (offset _remoteTiming+3)
  31  0076  0300     R  	add a,_loadRemoteDate_2[1]
  31  0077  0083        	mov mp,a
  31  0078  0F00     R  	mov a,high (offset _remoteTiming+3)
  31  0079  1300     R  	adc a,_loadRemoteDate_2[2]
  31  007A  0084        	mov sbp,a
  31  007B  2000     E  	call _Crom2Prom
  31  007C  0080     E  	mov rd,a
  31  007D  1F00     E  	clr re
  31  007E  0F00        	mov a,0
  31  007F  0280     E  	subm a,rd
  31  0080  0F04        	mov a,4
  31  0081  1280     E  	sbcm a,re
  31  0082  340A        	clr c
  31  0083  1A00     E  	rlca rb
  31  0084  0080     E  	mov rf,a
  31  0085  1A00     E  	rlca rc
  31  0086  0080     E  	mov rg,a
  31  0087  0F00     E  	mov a,low (offset _txCode+4)
  31  0088  0300     E  	add a,rf
  31  0089  0083        	mov mp,a
  31  008A  0F00     E  	mov a,high (offset _txCode+4)
  31  008B  1300     E  	adc a,rg
  31  008C  0084        	mov sbp,a
  31  008D  0700     E  	mov a,rd
  31  008E  0082        	mov ir,a
  31  008F  1483        	inc mp
  31  0090  0700     E  	mov a,re
  31  0091  0082        	mov ir,a
  32  0092              #line 32 "d:\project\remote\main.c"
  32  0092  0700     R  	mov a,_loadRemoteDate_2[3]
  32  0093  0083        	mov mp,a
  32  0094  0700     R  	mov a,_loadRemoteDate_2[4]
  32  0095  0084        	mov sbp,a
"File: main.c        Assembler  Version HGASM0202      Page 5

  32  0096  2800     R  	jmp _L6
  32  0097              _L2:
  35  0097              #line 35 "d:\project\remote\main.c"
  35  0097  0700     R  	mov a,_loadRemoteDate_2[3]
  35  0098  0083        	mov mp,a
  35  0099  0700     R  	mov a,_loadRemoteDate_2[4]
  35  009A  0084        	mov sbp,a
  35  009B  2000     E  	call _Crom2Prom
  35  009C  0080     E  	mov rd,a
  35  009D  1F00     E  	clr re
  35  009E  0F00        	mov a,0
  35  009F  0280     E  	subm a,rd
  35  00A0  0F04        	mov a,4
  35  00A1  1280     E  	sbcm a,re
  35  00A2  340A        	clr c
  35  00A3  1A00     E  	rlca rb
  35  00A4  0080     E  	mov rf,a
  35  00A5  1A00     E  	rlca rc
  35  00A6  0080     E  	mov rg,a
  35  00A7  0F00     E  	mov a,low (offset _txCode+4)
  35  00A8  0300     E  	add a,rf
  35  00A9  0083        	mov mp,a
  35  00AA  0F00     E  	mov a,high (offset _txCode+4)
  35  00AB  1300     E  	adc a,rg
  35  00AC  0084        	mov sbp,a
  35  00AD  0700     E  	mov a,rd
  35  00AE  0082        	mov ir,a
  35  00AF  1483        	inc mp
  35  00B0  0700     E  	mov a,re
  35  00B1  0082        	mov ir,a
  36  00B2              #line 36 "d:\project\remote\main.c"
  36  00B2  0F00     R  	mov a,low (offset _remoteTiming+3)
  36  00B3  0300     R  	add a,_loadRemoteDate_2[1]
  36  00B4  0083        	mov mp,a
  36  00B5  0F00     R  	mov a,high (offset _remoteTiming+3)
  36  00B6  1300     R  	adc a,_loadRemoteDate_2[2]
  36  00B7  0084        	mov sbp,a
  36  00B8              _L6:
  36  00B8  2000     E  	call _Crom2Prom
  36  00B9  0080     E  	mov rd,a
  36  00BA  1F00     E  	clr re
  36  00BB  0F00        	mov a,0
  36  00BC  0280     E  	subm a,rd
  36  00BD  0F04        	mov a,4
  36  00BE  1280     E  	sbcm a,re
  36  00BF  0F00     E  	mov a,low (offset _txCode+6)
  36  00C0  0300     E  	add a,rf
  36  00C1  0083        	mov mp,a
  36  00C2  0F00     E  	mov a,high (offset _txCode+6)
  36  00C3  1300     E  	adc a,rg
  36  00C4  0084        	mov sbp,a
  36  00C5  0700     E  	mov a,rd
  36  00C6  0082        	mov ir,a
  36  00C7  1483        	inc mp
  36  00C8  0700     E  	mov a,re
  36  00C9  0082        	mov ir,a
  28  00CA              #line 28 "d:\project\remote\main.c"
  28  00CA  0F02        	mov a,2
  28  00CB  0380     E  	addm a,ra
  28  00CC  1780     E  	sdz rh
"File: main.c        Assembler  Version HGASM0202      Page 6

  28  00CD  2800     R  	jmp _L5
  28  00CE  0003        	ret
  28  00CF              _loadRemoteDate endp
  28  00CF              #line 28 "d:\project\remote\main.c"
  28  00CF              #pragma debug scope 1 1
  28  00CF              ___pb equ [32]
  28  00CF              public _main
  28  00CF              #pragma debug scope 3 1
  48  00CF              #line 48 "d:\project\remote\main.c"
  48  00CF              IFDEF WITH_DEFAULT_STARTUP
  48  00CF              extern _main_initial0:near
  48  00CF              extern _main_startup:near
  48  00CF              ENDIF
  48  00CF              
  48  00CF              ROMBANK 0 @start
  48  0000              @start .section com_l 'code'
  48  0000              _main_startup1:
  48  0000              @start .section com_e 'code'
  48  0000  2800     R  	jmp _main
  48  0001              
  48  0000              _main .section 'code'
  48  0000              _main proc
  48  0000  00              local _main_2 db 1 dup(?)
  48  0001              #pragma debug variable 8 3 _main_2+0 "inuseRemote"
  51  0001              #line 51 "d:\project\remote\main.c"
  51  0000  2000     E  	call _initSystem
  53  0001              #line 53 "d:\project\remote\main.c"
  53  0001  2000     E  	call _initGPIO
  55  0002              #line 55 "d:\project\remote\main.c"
  55  0002  2000     E  	call _initTimer
  55  0003              _L14:
  61  0003              #line 61 "d:\project\remote\main.c"
  61  0003  3C20        	sz [32].0
  61  0004  2800     R  	jmp _L9
  62  0005              #line 62 "d:\project\remote\main.c"
  62  0005  1080     R  	sz ___sendingStatus_2047[0]
  62  0006  2800     R  	jmp _L11
  63  0007              #line 63 "d:\project\remote\main.c"
  63  0007  0FF4        	mov a,-12
  63  0008  0080     E  	mov _msDelay_2[0],a
  63  0009  0F01        	mov a,1
  63  000A  0080     E  	mov _msDelay_2[1],a
  63  000B  2000     E  	call _msDelay
  64  000C              #line 64 "d:\project\remote\main.c"
  64  000C  0F03        	mov a,3
  64  000D  2000     E  	call _turnLEDGreen
  66  000E              #line 66 "d:\project\remote\main.c"
  66  000E  38A0        	snz [32].1
  66  000F  2800     R  	jmp _L15
  68  0010              #line 68 "d:\project\remote\main.c"
  68  0010  3920        	snz [32].2
  68  0011  2800     R  	jmp _L16
  70  0012              #line 70 "d:\project\remote\main.c"
  70  0012  39A0        	snz [32].3
  70  0013  2800     R  	jmp _L17
  70  0014  2800     R  	jmp _L11
  70  0015              _L9:
  83  0015              #line 83 "d:\project\remote\main.c"
  83  0015  1E00     R  	snz ___sendingStatus_2047[0]
  83  0016  2800     R  	jmp _L11
"File: main.c        Assembler  Version HGASM0202      Page 7

  85  0017              #line 85 "d:\project\remote\main.c"
  85  0017  0F03        	mov a,3
  85  0018  2000     E  	call _turnLEDOFF
  86  0019              #line 86 "d:\project\remote\main.c"
  86  0019  1F00     R  	clr ___sendingStatus_2047[0]
  87  001A              #line 87 "d:\project\remote\main.c"
  87  001A  2000     E  	call _stopSendCode
  88  001B              #line 88 "d:\project\remote\main.c"
  88  001B  0FF4        	mov a,-12
  88  001C  0080     E  	mov _msDelay_2[0],a
  88  001D  0F01        	mov a,1
  88  001E  0080     E  	mov _msDelay_2[1],a
  88  001F  2000     E  	call _msDelay
  88  0020              _L11:
  95  0020              #line 95 "d:\project\remote\main.c"
  95  0020              ;# 95 "d:\project\remote\main.c" 1
  95  0020  0001        	clr wdt
  96  0021              #line 96 "d:\project\remote\main.c"
  96  0021  2800     R  	jmp _L14
  96  0022              _L15:
  67  0022              #line 67 "d:\project\remote\main.c"
  67  0022  1F00     R  	clr _main_2[0]
  67  0023  2800     R  	jmp _L12
  67  0024              _L16:
  69  0024              #line 69 "d:\project\remote\main.c"
  69  0024  0F01        	mov a,1
  69  0025  0080     R  	mov _main_2[0],a
  69  0026  2800     R  	jmp _L12
  69  0027              _L17:
  71  0027              #line 71 "d:\project\remote\main.c"
  71  0027  0F02        	mov a,2
  71  0028  0080     R  	mov _main_2[0],a
  71  0029              _L12:
  75  0029              #line 75 "d:\project\remote\main.c"
  75  0029  0F01        	mov a,1
  75  002A  0080     R  	mov ___sendingStatus_2047[0],a
  76  002B              #line 76 "d:\project\remote\main.c"
  76  002B  0700     R  	mov a,_main_2[0]
  76  002C  2000     E  	call _turnLEDRed
  77  002D              #line 77 "d:\project\remote\main.c"
  77  002D  0700     R  	mov a,_main_2[0]
  77  002E  2000     R  	call _loadRemoteDate
  78  002F              #line 78 "d:\project\remote\main.c"
  78  002F  0700     R  	mov a,_main_2[0]
  78  0030  0080     E  	mov rb,a
  78  0031  1F00     E  	clr rc
  78  0032  340A        	clr c
  78  0033  1A00     E  	rlca rb
  78  0034  0080     E  	mov rd,a
  78  0035  1A00     E  	rlca rc
  78  0036  0080     E  	mov re,a
  78  0037  340A        	clr c
  78  0038  1A80     E  	rlc rd
  78  0039  1A80     E  	rlc re
  78  003A  0700     E  	mov a,rd
  78  003B  0380     E  	addm a,rb
  78  003C  0700     E  	mov a,re
  78  003D  1380     E  	adcm a,rc
  78  003E  0F00     R  	mov a,low (offset _remoteTiming+4)
  78  003F  0300     E  	add a,rb
"File: main.c        Assembler  Version HGASM0202      Page 8

  78  0040  0083        	mov mp,a
  78  0041  0F00     R  	mov a,high (offset _remoteTiming+4)
  78  0042  1300     E  	adc a,rc
  78  0043  0084        	mov sbp,a
  78  0044  2000     E  	call _Crom2Prom
  78  0045  2000     E  	call _startSendCode
  78  0046  2800     R  	jmp _L11
  78  0047  2800     R  	jmp $
  78  0048              _main endp
  78  0048              
  78  0048              @dummy endp
  78  0048              
  78  0048              #line 78 "d:\project\remote\main.c"
  78  0048              #pragma debug scope 1 1
  78  0000              @HCCINIT	.section 'data'
  49  0000              #line 49 "d:\project\remote\main.c"
  49  0000              @HCCINIT___sendingStatus_2047 .section 'data'
  49  0000              ___sendingStatus_2047 label byte
  49  0000              #pragma debug variable 8 3 ___sendingStatus_2047 "sendingStatus"
  49  0000              	db 0
  49  0000              @ROMDATA_BASE .section inpage 'code'
  49  0000              	db 0
  49  0001              @HCCINIT___sendingStatus_2047 .section 'data'
  49  0001              public _remoteTiming
  49  0000              @crom	.section 'crom'
  13  0000              #line 13 "d:\project\remote\main.c"
  13  0000              @crom	.section	'crom'
  13  0000              _remoteTiming:
  13  0000              #pragma debug array 42 8 5 1
  13  0000              #pragma debug array 42 8 5 1
  13  0000              #pragma debug array 43 42 3 1
  13  0000              #pragma debug array 43 42 3 1
  13  0000              #pragma debug variable 43 1 _remoteTiming "remoteTiming"
  13  0000              	db 6
  13  0001              	db -58
  13  0001              	db 19
  13  0002              	db 6
  13  0002              	db 1
  13  0003              	db 6
  13  0003              	db -58
  13  0004              	db 19
  13  0004              	db 6
  13  0005              	db 0
  13  0005              	db 6
  13  0006              	db -58
  13  0006              	db 19
  13  0007              	db 6
  13  0007              	db 0
  13  0008              public _remoteData
   7  0008              #line 7 "d:\project\remote\main.c"
   7  0008              @crom	.section	'crom'
   7  0008              _remoteData:
   7  0008              #pragma debug array 44 14 3 1
   7  0008              #pragma debug array 44 14 3 1
   7  0008              #pragma debug variable 44 1 _remoteData "remoteData"
   7  0008              	db -30
   7  0008              	db 20
   7  0009              	db 33
   7  0009              	db 0
   7  000A              	db -30
"File: main.c        Assembler  Version HGASM0202      Page 9

   7  000A              	db 20
   7  000B              	db 33
   7  000B              	db 0
   7  000C              	db -30
   7  000C              	db 20
   7  000D              	db 33
   7  000D              	db 0
   7  000E              #pragma debug struct_end
   7  000E              #pragma debug struct_end
   7  000E              #pragma debug union_end
   7  000E              #pragma debug union_end
   7  000E              #pragma debug variable 46 1 ___pb "__pb" 1
   7  000E              
   7  000E              ; output external variables
   7  000E              extern _txCode:byte
  48  000E              #line 48 "d:\project\remote\main.c"
  48  0000              @code .section at 0 'code'
  48  0000  2800     R  	jmp _main_startup1
  48  0001              
  48  0001              extern _initSystem:near
  48  0001              extern _initGPIO:near
  48  0001              extern _initTimer:near
  48  0001              extern _msDelay_2:byte
  48  0001              extern _msDelay:near
  48  0001              extern _turnLEDGreen:near
  48  0001              extern _turnLEDOFF:near
  48  0001              extern _stopSendCode:near
  48  0001              extern _turnLEDRed:near
  48  0001              extern _startSendCode:near
  48  0001              
  48  0001              ; 
  48  0001              ; Generated by holtek-gcc v3.19, Tue Feb 27 12:06:37 2024
  48  0001              ; Rebuild 718
  48  0001              ; end of file


        0 Errors, 0