"File: Delay.c       Assembler  Version HGASM0202      Page 1


   1  0000              ; Generated by holtek-gcc v3.19, Fri Mar 08 10:39:06 2024
   2  0000              ; 
   3  0000              ; Configuration:
   4  0000              ;       with long instruction
   5  0000              ;       Single ROM, Multi-RAM
   6  0000              ;       bits_per_rom_unit:16
   7  0000              ;       with mp1
   8  0000              ;       with tbhp, address(0x9)
   9  0000              ;          Use tabrd-const
  10  0000              ;       
  11  0000              ; SFR address of long-instruction arch:
  12  0000              ;    mp0 = -1,1,0
  13  0000              ;    mp1 = 4,3,2
  14  0000              ;    mp2 = 14,13,12
  15  0000              ;    tbp = 9,7,8
  16  0000              ;    acc = 5
  17  0000              ;    pcl = 6
  18  0000              ;    status = 10
  19  0000              ;    bp = 11
  20  0000              ;    intc = 16
  21  0000              ;       
  22  0000              ;       
  23  0000              ; use 'tabrdc' instead of 'tabrd'
  24  0000              ;       
  25  0000              
  26  0000              #pragma translator "holtek-gcc 4.6.4" "3.19" "build 20130711"
  27  0000              ; Rebuild 718
  28  0000              
  29  0000              ir equ [2]
  30  0000              mp equ [3]
  31  0000              sbp equ [4]
  32  0000              acc equ [5]
  33  0000              bp equ [11]
  34  0000              tblp equ [7]
  35  0000              tbhp equ [9]
  36  0000              status equ [10]
  37  0000              c equ [10].0
  38  0000              ac equ [10].1
  39  0000              z equ [10].2
  40  0000              ov equ [10].3
  41  0000              cz equ [10].6
  42  0000              sc equ [10].7
  43  0000              intc equ [16]
  44  0000              
  45  0000              extern ra:byte
  46  0000              extern rb:byte
  47  0000              extern rc:byte
  48  0000              extern rd:byte
  49  0000              extern re:byte
  50  0000              extern rf:byte
  51  0000              extern rg:byte
  52  0000              extern rh:byte
  53  0000              extern _Crom2Prom:near
  54  0000              extern _Crom2PromNext:near
  55  0000              
  56  0000              RAMBANK 0 @BITDATASEC, @BITDATASEC1
  57  0000              @HCCINIT	.section 'data'
  58  0000              @HCCINIT0	.section 'data'
  59  0000              @BITDATASEC	 .section 'data'
"File: Delay.ASM     Assembler  Version HGASM0202      Page 2

  60  0000              @BITDATASEC1	 .section 'data'
  61  0000              
  62  0000              #pragma debug scope 1 1
  63  0000              	extern __DELAY3:near
  64  0000              	extern __DELAYX3:near
  65  0000              	extern __DELAYX6:near
  66  0000              	extern __DELAYY5:near
  67  0000              	extern __DELAYY3:near
  68  0000              	extern _builtin_holtek_delay_2:byte
  69  0000              public _msDelay
  70  0000              #pragma debug scope 2 1

   4  0000              #line 4 "d:\project\remote\srcFile\Delay.c"
   4  0000              _msDelay .section 'code'
   4  0000              _msDelay proc
   4  0000              public _msDelay_2
   4  0000  0002[           local _msDelay_2 db 2 dup(?)	; 2,0
            00
            ]
   4  0002              #pragma debug variable 12 2 _msDelay_2+0 "askedDelay"
   7  0002              #line 7 "d:\project\remote\srcFile\Delay.c"
   7  0000  1F00     E  	clr rb
   7  0001  1F00     E  	clr rc
   7  0002  2800     R  	jmp _L2
   7  0003              _L3:
   8  0003              #line 8 "d:\project\remote\srcFile\Delay.c"
   8  0003              ;# 8 "d:\project\remote\srcFile\Delay.c" 1
   8  0003              	IF 992>263690
   8  0003              ;# 8 "d:\project\remote\srcFile\Delay.c" 1
   8  0003              	ERRMESSAGE 'the value 992of the argument exceeds the maxinum 263690'
   8  0003              	ENDIF
   8  0003              ;# 8 "d:\project\remote\srcFile\Delay.c" 1
   8  0003              	IF 992<0
   8  0003              ;# 8 "d:\project\remote\srcFile\Delay.c" 1
   8  0003              	ERRMESSAGE 'the value 992 of the argument exceeds the mininum 0'
   8  0003              	ENDIF
   8  0003              ;# 8 "d:\project\remote\srcFile\Delay.c" 1
   8  0003              	IF 992==0
   8  0003              ;# 8 "d:\project\remote\srcFile\Delay.c" 1
   8  0003              	JMP $
   8  0003              	ENDIF
   8  0003              ;# 8 "d:\project\remote\srcFile\Delay.c" 1
   8  0003              	IF 992==1
   8  0003              ;# 8 "d:\project\remote\srcFile\Delay.c" 1
   8  0003              	NOP
   8  0003              	ENDIF
   8  0003              ;# 8 "d:\project\remote\srcFile\Delay.c" 1
   8  0003              	IF 992==2
   8  0003              ;# 8 "d:\project\remote\srcFile\Delay.c" 1
   8  0003              	NOP
   8  0003              ;# 8 "d:\project\remote\srcFile\Delay.c" 1
   8  0003              	NOP
   8  0003              	ENDIF
   8  0003              ;# 8 "d:\project\remote\srcFile\Delay.c" 1
   8  0003              	IF 992==3
   8  0003              ;# 8 "d:\project\remote\srcFile\Delay.c" 1
   8  0003              	NOP
   8  0003              ;# 8 "d:\project\remote\srcFile\Delay.c" 1
   8  0003              	NOP
   8  0003              ;# 8 "d:\project\remote\srcFile\Delay.c" 1
"File: Delay.c       Assembler  Version HGASM0202      Page 3

   8  0003              	NOP
   8  0003              	ENDIF
   8  0003              ;# 8 "d:\project\remote\srcFile\Delay.c" 1
   8  0003              	IF (992<8) AND (992>3)
   8  0003              ;# 8 "d:\project\remote\srcFile\Delay.c" 1
   8  0003              	CALL __DELAY3 + 7 -992
   8  0003              	ENDIF
   8  0003              ;# 8 "d:\project\remote\srcFile\Delay.c" 1
   8  0003              	IF (992< 0404h) AND (992>7)
   8  0003              ;# 8 "d:\project\remote\srcFile\Delay.c" 1
   8  0003  0FF7        	MOV A,992/4-1
   8  0004              ;# 8 "d:\project\remote\srcFile\Delay.c" 1
   8  0004  2000     E  	CALL __DELAYX3 + 3 -(992 MOD 4)
   8  0005              	ENDIF
   8  0005              ;# 8 "d:\project\remote\srcFile\Delay.c" 1
   8  0005              	IF (992< 0x40B) AND (992> 0403h)
   8  0005              ;# 8 "d:\project\remote\srcFile\Delay.c" 1
   8  0005              	MOV A,0 
   8  0005              ;# 8 "d:\project\remote\srcFile\Delay.c" 1
   8  0005              	CALL __DELAYX6 + 0x40a -992
   8  0005              	ENDIF
   8  0005              ;# 8 "d:\project\remote\srcFile\Delay.c" 1
   8  0005              	IF (992 >= 0x40b) AND ((((992-9)%0402h)/4+1)>256)
   8  0005              ;# 8 "d:\project\remote\srcFile\Delay.c" 1
   8  0005              	MOV A,(992-9)/0402h
   8  0005              ;# 8 "d:\project\remote\srcFile\Delay.c" 1
   8  0005              	MOV _builtin_holtek_delay_2,A
   8  0005              ;# 8 "d:\project\remote\srcFile\Delay.c" 1
   8  0005              	MOV A,0
   8  0005              ;# 8 "d:\project\remote\srcFile\Delay.c" 1
   8  0005              	CALL __DELAYY5 +5- (((992-9)%0402h)%6)
   8  0005              	ENDIF
   8  0005              ;# 8 "d:\project\remote\srcFile\Delay.c" 1
   8  0005              	IF (992 >= 0x40b) AND ((((992-9)%0402h)/4+1)<=256)
   8  0005              ;# 8 "d:\project\remote\srcFile\Delay.c" 1
   8  0005              	MOV A,(992-9)/0402h
   8  0005              ;# 8 "d:\project\remote\srcFile\Delay.c" 1
   8  0005              	MOV _builtin_holtek_delay_2,A
   8  0005              ;# 8 "d:\project\remote\srcFile\Delay.c" 1
   8  0005              	MOV A,((992-9)%0402h)/4+1
   8  0005              ;# 8 "d:\project\remote\srcFile\Delay.c" 1
   8  0005              	CALL __DELAYY3 +3-(((992-9)%0402h)%4)
   8  0005              	ENDIF
   7  0005              #line 7 "d:\project\remote\srcFile\Delay.c"
   7  0005  1480     E  	inc rb
   7  0006  3D0A        	sz z
   7  0007  1480     E  	inc rc
   7  0008              _L2:
   7  0008  0700     E  	mov a,rb
   7  0009  0200     R  	sub a,_msDelay_2[0]
   7  000A  0700     E  	mov a,rc
   7  000B  1200     R  	sbc a,_msDelay_2[1]
   7  000C  3B0A        	snz cz
   7  000D  2800     R  	jmp _L3
   7  000E  0003        	ret
   7  000F              _msDelay endp
   7  000F              #line 7 "d:\project\remote\srcFile\Delay.c"
   7  000F              #pragma debug scope 1 1
   7  000F              
   7  000F              ; 
"File: Delay.c       Assembler  Version HGASM0202      Page 4

   7  000F              ; Generated by holtek-gcc v3.19, Fri Mar 08 10:39:06 2024
   7  000F              ; Rebuild 718
   7  000F              ; end of file


        0 Errors, 0