"File: GPIO.c        Assembler  Version HGASM0202      Page 1


   1  0000              ; Generated by holtek-gcc v3.19, Fri Mar 08 10:39:06 2024
   2  0000              ; 
   3  0000              ; Configuration:
   4  0000              ;       with long instruction
   5  0000              ;       Single ROM, Multi-RAM
   6  0000              ;       bits_per_rom_unit:16
   7  0000              ;       with mp1
   8  0000              ;       with tbhp, address(0x9)
   9  0000              ;          Use tabrd-const
  10  0000              ;       
  11  0000              ; SFR address of long-instruction arch:
  12  0000              ;    mp0 = -1,1,0
  13  0000              ;    mp1 = 4,3,2
  14  0000              ;    mp2 = 14,13,12
  15  0000              ;    tbp = 9,7,8
  16  0000              ;    acc = 5
  17  0000              ;    pcl = 6
  18  0000              ;    status = 10
  19  0000              ;    bp = 11
  20  0000              ;    intc = 16
  21  0000              ;       
  22  0000              ;       
  23  0000              ; use 'tabrdc' instead of 'tabrd'
  24  0000              ;       
  25  0000              
  26  0000              #pragma translator "holtek-gcc 4.6.4" "3.19" "build 20130711"
  27  0000              ; Rebuild 718
  28  0000              
  29  0000              ir equ [2]
  30  0000              mp equ [3]
  31  0000              sbp equ [4]
  32  0000              acc equ [5]
  33  0000              bp equ [11]
  34  0000              tblp equ [7]
  35  0000              tbhp equ [9]
  36  0000              status equ [10]
  37  0000              c equ [10].0
  38  0000              ac equ [10].1
  39  0000              z equ [10].2
  40  0000              ov equ [10].3
  41  0000              cz equ [10].6
  42  0000              sc equ [10].7
  43  0000              intc equ [16]
  44  0000              
  45  0000              extern ra:byte
  46  0000              extern rb:byte
  47  0000              extern rc:byte
  48  0000              extern rd:byte
  49  0000              extern re:byte
  50  0000              extern rf:byte
  51  0000              extern rg:byte
  52  0000              extern rh:byte
  53  0000              extern _Crom2Prom:near
  54  0000              extern _Crom2PromNext:near
  55  0000              
  56  0000              RAMBANK 0 @BITDATASEC, @BITDATASEC1
  57  0000              @HCCINIT	.section 'data'
  58  0000              @HCCINIT0	.section 'data'
  59  0000              @BITDATASEC	 .section 'data'
"File: GPIO.ASM      Assembler  Version HGASM0202      Page 2

  60  0000              @BITDATASEC1	 .section 'data'
  61  0000              
  62  0000              #pragma debug scope 1 1
  63  0000              	extern __DELAY3:near
  64  0000              	extern __DELAYX3:near
  65  0000              	extern __DELAYX6:near
  66  0000              	extern __DELAYY5:near
  67  0000              	extern __DELAYY3:near
  68  0000              	extern _builtin_holtek_delay_2:byte
  69  0000              ___acerl equ [49]
  70  0000              ___pc equ [57]
  71  0000              ___pcpu equ [59]
  72  0000              ___pdc equ [66]
  73  0000              ___pd equ [65]
  74  0000              public _initGPIO
  75  0000              #pragma debug scope 2 1

   4  0000              #line 4 "d:\project\remote\srcFile\GPIO.c"
   4  0000              _initGPIO .section 'code'
   4  0000              _initGPIO proc
   5  0000              #line 5 "d:\project\remote\srcFile\GPIO.c"
   5  0000  1F31        	clr [49]
   7  0001              #line 7 "d:\project\remote\srcFile\GPIO.c"
   7  0001  33B9        	set [57].7
   8  0002              #line 8 "d:\project\remote\srcFile\GPIO.c"
   8  0002  3339        	set [57].6
   9  0003              #line 9 "d:\project\remote\srcFile\GPIO.c"
   9  0003  32B9        	set [57].5
  10  0004              #line 10 "d:\project\remote\srcFile\GPIO.c"
  10  0004  3239        	set [57].4
  11  0005              #line 11 "d:\project\remote\srcFile\GPIO.c"
  11  0005  31B9        	set [57].3
  13  0006              #line 13 "d:\project\remote\srcFile\GPIO.c"
  13  0006  33BB        	set [59].7
  14  0007              #line 14 "d:\project\remote\srcFile\GPIO.c"
  14  0007  333B        	set [59].6
  15  0008              #line 15 "d:\project\remote\srcFile\GPIO.c"
  15  0008  32BB        	set [59].5
  16  0009              #line 16 "d:\project\remote\srcFile\GPIO.c"
  16  0009  323B        	set [59].4
  17  000A              #line 17 "d:\project\remote\srcFile\GPIO.c"
  17  000A  31BB        	set [59].3
  19  000B              #line 19 "d:\project\remote\srcFile\GPIO.c"
  19  000B  3442        	clr [66].0
  20  000C              #line 20 "d:\project\remote\srcFile\GPIO.c"
  20  000C  3041        	set [65].0
  20  000D  0003        	ret
  20  000E              _initGPIO endp
  20  000E              #line 20 "d:\project\remote\srcFile\GPIO.c"
  20  000E              #pragma debug scope 1 1
  20  000E              #pragma debug struct_end
  20  000E              #pragma debug struct_end
  20  000E              #pragma debug union_end
  20  000E              #pragma debug union_end
  20  000E              #pragma debug variable 43 1 ___acerl "__acerl" 1
  20  000E              #pragma debug struct_end
  20  000E              #pragma debug struct_end
  20  000E              #pragma debug union_end
  20  000E              #pragma debug union_end
  20  000E              #pragma debug variable 45 1 ___pc "__pc" 1
"File: GPIO.c        Assembler  Version HGASM0202      Page 3

  20  000E              #pragma debug struct_end
  20  000E              #pragma debug struct_end
  20  000E              #pragma debug union_end
  20  000E              #pragma debug union_end
  20  000E              #pragma debug variable 47 1 ___pcpu "__pcpu" 1
  20  000E              #pragma debug struct_end
  20  000E              #pragma debug struct_end
  20  000E              #pragma debug union_end
  20  000E              #pragma debug union_end
  20  000E              #pragma debug variable 49 1 ___pd "__pd" 1
  20  000E              #pragma debug struct_end
  20  000E              #pragma debug struct_end
  20  000E              #pragma debug union_end
  20  000E              #pragma debug union_end
  20  000E              #pragma debug variable 51 1 ___pdc "__pdc" 1
  20  000E              
  20  000E              ; 
  20  000E              ; Generated by holtek-gcc v3.19, Fri Mar 08 10:39:06 2024
  20  000E              ; Rebuild 718
  20  000E              ; end of file


        0 Errors, 0