"File: SYSTEM.c      Assembler  Version HGASM0202      Page 1


   1  0000              ; Generated by holtek-gcc v3.19, Fri Mar 08 10:39:07 2024
   2  0000              ; 
   3  0000              ; Configuration:
   4  0000              ;       with long instruction
   5  0000              ;       Single ROM, Multi-RAM
   6  0000              ;       bits_per_rom_unit:16
   7  0000              ;       with mp1
   8  0000              ;       with tbhp, address(0x9)
   9  0000              ;          Use tabrd-const
  10  0000              ;       
  11  0000              ; SFR address of long-instruction arch:
  12  0000              ;    mp0 = -1,1,0
  13  0000              ;    mp1 = 4,3,2
  14  0000              ;    mp2 = 14,13,12
  15  0000              ;    tbp = 9,7,8
  16  0000              ;    acc = 5
  17  0000              ;    pcl = 6
  18  0000              ;    status = 10
  19  0000              ;    bp = 11
  20  0000              ;    intc = 16
  21  0000              ;       
  22  0000              ;       
  23  0000              ; use 'tabrdc' instead of 'tabrd'
  24  0000              ;       
  25  0000              
  26  0000              #pragma translator "holtek-gcc 4.6.4" "3.19" "build 20130711"
  27  0000              ; Rebuild 718
  28  0000              
  29  0000              ir equ [2]
  30  0000              mp equ [3]
  31  0000              sbp equ [4]
  32  0000              acc equ [5]
  33  0000              bp equ [11]
  34  0000              tblp equ [7]
  35  0000              tbhp equ [9]
  36  0000              status equ [10]
  37  0000              c equ [10].0
  38  0000              ac equ [10].1
  39  0000              z equ [10].2
  40  0000              ov equ [10].3
  41  0000              cz equ [10].6
  42  0000              sc equ [10].7
  43  0000              intc equ [16]
  44  0000              
  45  0000              extern ra:byte
  46  0000              extern rb:byte
  47  0000              extern rc:byte
  48  0000              extern rd:byte
  49  0000              extern re:byte
  50  0000              extern rf:byte
  51  0000              extern rg:byte
  52  0000              extern rh:byte
  53  0000              extern _Crom2Prom:near
  54  0000              extern _Crom2PromNext:near
  55  0000              
  56  0000              RAMBANK 0 @BITDATASEC, @BITDATASEC1
  57  0000              @HCCINIT	.section 'data'
  58  0000              @HCCINIT0	.section 'data'
  59  0000              @BITDATASEC	 .section 'data'
"File: SYSTEM.ASM    Assembler  Version HGASM0202      Page 2

  60  0000              @BITDATASEC1	 .section 'data'
  61  0000              
  62  0000              #pragma debug scope 1 1
  63  0000              	extern __DELAY3:near
  64  0000              	extern __DELAYX3:near
  65  0000              	extern __DELAYX6:near
  66  0000              	extern __DELAYY5:near
  67  0000              	extern __DELAYY3:near
  68  0000              	extern _builtin_holtek_delay_2:byte
  69  0000              ___ctrl equ [61]
  70  0000              ___smod equ [11]
  71  0000              ___wdtc equ [26]
  72  0000              ___lvdc equ [55]
  73  0000              public _initSystem
  74  0000              #pragma debug scope 2 1

  30  0000              #line 30 "d:\project\remote\srcFile\SYSTEM.c"
  30  0000              _initSystem .section 'code'
  30  0000              _initSystem proc
  30  0000              #pragma debug scope 3 2
  30  0000              ;begin block, line: 30.-1
  30  0000              #pragma debug scope 4 3
  30  0000              ;begin block, line: 30.-1
  12  0000              #line 12 "d:\project\remote\srcFile\SYSTEM.c"
  12  0000  33BD        	set [61].7
  13  0001              #line 13 "d:\project\remote\srcFile\SYSTEM.c"
  13  0001  32BD        	set [61].5
  14  0002              #line 14 "d:\project\remote\srcFile\SYSTEM.c"
  14  0002  363D        	clr [61].4
  14  0003              _L3:
  15  0003              #line 15 "d:\project\remote\srcFile\SYSTEM.c"
  15  0003  390B        	snz [11].2
  15  0004  2800     R  	jmp _L3
  17  0005              #line 17 "d:\project\remote\srcFile\SYSTEM.c"
  17  0005  300B        	set [11].0
  17  0006              #pragma debug scope 3 2
  17  0006              #pragma debug scope 2 1
  17  0006              #pragma debug scope 5 2
  17  0006              ;begin block, line: 17.-1
  17  0006              #pragma debug scope 6 5
  17  0006              ;begin block, line: 17.-1
  21  0006              #line 21 "d:\project\remote\srcFile\SYSTEM.c"
  21  0006  301A        	set [26].0
  22  0007              #line 22 "d:\project\remote\srcFile\SYSTEM.c"
  22  0007  309A        	set [26].1
  23  0008              #line 23 "d:\project\remote\srcFile\SYSTEM.c"
  23  0008  311A        	set [26].2
  23  0009              #pragma debug scope 5 2
  23  0009              #pragma debug scope 2 1
  23  0009              #pragma debug scope 7 2
  23  0009              ;begin block, line: 23.-1
  23  0009              #pragma debug scope 8 7
  23  0009              ;begin block, line: 23.-1
  27  0009              #line 27 "d:\project\remote\srcFile\SYSTEM.c"
  27  0009  0F37        	mov a,55
  27  000A  00B7        	mov [55],a
  27  000B              #pragma debug scope 7 2
  27  000B              #pragma debug scope 2 1
  27  000B  0003        	ret
  27  000C              _initSystem endp
"File: SYSTEM.c      Assembler  Version HGASM0202      Page 3

  27  000C              #line 27 "d:\project\remote\srcFile\SYSTEM.c"
  27  000C              #pragma debug scope 1 1
  27  000C              #pragma debug struct_end
  27  000C              #pragma debug struct_end
  27  000C              #pragma debug union_end
  27  000C              #pragma debug union_end
  27  000C              #pragma debug variable 43 1 ___smod "__smod" 1
  27  000C              #pragma debug struct_end
  27  000C              #pragma debug struct_end
  27  000C              #pragma debug union_end
  27  000C              #pragma debug union_end
  27  000C              #pragma debug variable 45 1 ___wdtc "__wdtc" 1
  27  000C              #pragma debug struct_end
  27  000C              #pragma debug struct_end
  27  000C              #pragma debug union_end
  27  000C              #pragma debug union_end
  27  000C              #pragma debug variable 47 1 ___lvdc "__lvdc" 1
  27  000C              #pragma debug struct_end
  27  000C              #pragma debug struct_end
  27  000C              #pragma debug union_end
  27  000C              #pragma debug union_end
  27  000C              #pragma debug variable 49 1 ___ctrl "__ctrl" 1
  27  000C              
  27  000C              ; 
  27  000C              ; Generated by holtek-gcc v3.19, Fri Mar 08 10:39:07 2024
  27  000C              ; Rebuild 718
  27  000C              ; end of file


        0 Errors, 0